2015-08-23 12:46:33 - PHP Notice:  Undefined index: meta_title in C:\xampp\htdocs\host.em\catalog\model\catalog\product.php on line 15
2015-08-23 12:46:33 - PHP Notice:  Undefined index: meta_title in C:\xampp\htdocs\host.em\catalog\model\catalog\product.php on line 15
2015-08-23 12:46:33 - PHP Notice:  Undefined index: meta_title in C:\xampp\htdocs\host.em\catalog\model\catalog\product.php on line 15
2015-08-23 12:46:33 - PHP Notice:  Undefined index: meta_title in C:\xampp\htdocs\host.em\catalog\model\catalog\product.php on line 15
2015-08-23 12:46:33 - PHP Notice:  Undefined index: meta_title in C:\xampp\htdocs\host.em\catalog\model\catalog\product.php on line 15
2015-08-23 12:46:33 - PHP Notice:  Undefined index: meta_title in C:\xampp\htdocs\host.em\catalog\model\catalog\product.php on line 15
2015-08-23 12:46:33 - PHP Notice:  Undefined index: meta_title in C:\xampp\htdocs\host.em\catalog\model\catalog\product.php on line 15
2015-08-23 12:46:33 - PHP Notice:  Undefined index: meta_title in C:\xampp\htdocs\host.em\catalog\model\catalog\product.php on line 15
2015-08-23 12:46:33 - PHP Notice:  Undefined index: meta_title in C:\xampp\htdocs\host.em\catalog\model\catalog\product.php on line 15
2015-08-23 12:46:33 - PHP Notice:  Undefined index: meta_title in C:\xampp\htdocs\host.em\catalog\model\catalog\product.php on line 15
2015-08-23 12:49:38 - PHP Notice:  Undefined index: meta_title in C:\xampp\htdocs\host.em\catalog\model\catalog\product.php on line 15
2015-08-23 12:49:38 - PHP Notice:  Undefined index: meta_title in C:\xampp\htdocs\host.em\catalog\model\catalog\product.php on line 15
2015-08-23 12:49:38 - PHP Notice:  Undefined index: meta_title in C:\xampp\htdocs\host.em\catalog\model\catalog\product.php on line 15
2015-08-23 12:49:38 - PHP Notice:  Undefined index: meta_title in C:\xampp\htdocs\host.em\catalog\model\catalog\product.php on line 15
2015-08-23 12:49:38 - PHP Notice:  Undefined index: meta_title in C:\xampp\htdocs\host.em\catalog\model\catalog\product.php on line 15
2015-08-23 12:49:38 - PHP Notice:  Undefined index: meta_title in C:\xampp\htdocs\host.em\catalog\model\catalog\product.php on line 15
2015-08-23 12:49:38 - PHP Notice:  Undefined index: meta_title in C:\xampp\htdocs\host.em\catalog\model\catalog\product.php on line 15
2015-08-23 12:49:38 - PHP Notice:  Undefined index: meta_title in C:\xampp\htdocs\host.em\catalog\model\catalog\product.php on line 15
2015-08-23 12:49:38 - PHP Notice:  Undefined index: meta_title in C:\xampp\htdocs\host.em\catalog\model\catalog\product.php on line 15
2015-08-23 12:49:38 - PHP Notice:  Undefined index: meta_title in C:\xampp\htdocs\host.em\catalog\model\catalog\product.php on line 15
2015-08-23 13:09:44 - PHP Notice:  Error: Unknown column 'meta_title' in 'field list'<br />Error No: 1054<br />INSERT INTO oc_product_description SET product_id = '1335', language_id = '1', name = 'ssssss', description = '&lt;p&gt;ssssss&lt;br&gt;&lt;/p&gt;', tag = '', meta_title = 'ssssss', meta_description = 'ssssss', meta_keyword = 'ssssss' in C:\xampp\htdocs\host.em\system\library\db\mysqli.php on line 41
2015-08-23 13:09:44 - PHP Notice:  Error: Unknown column 'meta_title' in 'field list'<br />Error No: 1054<br />INSERT INTO oc_product_description SET product_id = '1335', language_id = '2', name = 'ssssss', description = '&lt;p&gt;ssssss&lt;br&gt;&lt;/p&gt;', tag = '', meta_title = 'ssssss', meta_description = '', meta_keyword = '' in C:\xampp\htdocs\host.em\system\library\db\mysqli.php on line 41
2015-08-23 13:24:29 - PHP Notice:  Undefined index: name in C:\xampp\htdocs\host.em\catalog\controller\module\category_product_slider.php on line 68
2015-08-23 14:58:08 - PHP Notice:  Undefined index: meta_title in C:\xampp\htdocs\host.em\admin\model\catalog\product.php on line 424
2015-08-23 15:12:09 - PHP Notice:  Undefined index: name in C:\xampp\htdocs\host.em\catalog\controller\module\category_product_slider.php on line 68
2015-08-23 16:49:54 - PHP Notice:  Undefined index: meta_title in C:\xampp\htdocs\host.em\admin\model\catalog\product.php on line 424
2015-08-23 16:50:19 - PHP Notice:  Undefined index: name in C:\xampp\htdocs\host.em\catalog\controller\module\category_product_slider.php on line 68
2015-08-23 23:00:21 - PHP Notice:  Undefined index: name in C:\xampp\htdocs\host.em\catalog\controller\module\category_product_slider.php on line 68
2015-08-24 10:22:13 - PHP Notice:  Undefined index: name in C:\xampp\htdocs\host.em\catalog\controller\module\category_product_slider.php on line 68
2015-08-24 10:22:18 - PHP Notice:  Undefined index: name in C:\xampp\htdocs\host.em\catalog\controller\module\category_product_slider.php on line 68
2015-08-24 10:24:23 - PHP Notice:  Undefined index: name in C:\xampp\htdocs\host.em\catalog\controller\module\category_product_slider.php on line 68
2015-08-24 10:32:21 - PHP Notice:  Undefined index: meta_title in C:\xampp\htdocs\host.em\admin\model\catalog\product.php on line 424
2015-08-24 10:36:44 - PHP Notice:  Undefined index: name in C:\xampp\htdocs\host.em\catalog\controller\module\category_product_slider.php on line 68
2015-08-24 10:36:55 - PHP Notice:  Undefined index: name in C:\xampp\htdocs\host.em\catalog\controller\module\category_product_slider.php on line 68
2015-08-24 10:37:36 - PHP Notice:  Undefined index: name in C:\xampp\htdocs\host.em\catalog\controller\module\category_product_slider.php on line 68
2015-08-24 10:37:38 - PHP Notice:  Undefined index: name in C:\xampp\htdocs\host.em\catalog\controller\module\category_product_slider.php on line 68
2015-08-24 10:38:05 - PHP Notice:  Undefined index: name in C:\xampp\htdocs\host.em\catalog\controller\module\category_product_slider.php on line 68
2015-08-24 10:38:07 - PHP Notice:  Undefined index: name in C:\xampp\htdocs\host.em\catalog\controller\module\category_product_slider.php on line 68
2015-08-24 10:38:53 - PHP Notice:  Undefined index: name in C:\xampp\htdocs\host.em\catalog\controller\module\category_product_slider.php on line 68
2015-08-24 10:40:48 - PHP Notice:  Undefined index: name in C:\xampp\htdocs\host.em\catalog\controller\module\category_product_slider.php on line 68
2015-08-24 10:42:33 - PHP Notice:  Undefined index: name in C:\xampp\htdocs\host.em\catalog\controller\module\category_product_slider.php on line 68
2015-08-24 10:43:14 - PHP Notice:  Undefined index: name in C:\xampp\htdocs\host.em\catalog\controller\module\category_product_slider.php on line 68
2015-08-24 10:43:32 - PHP Notice:  Undefined index: name in C:\xampp\htdocs\host.em\catalog\controller\module\category_product_slider.php on line 68
2015-08-24 10:47:30 - PHP Notice:  Undefined index: meta_title in C:\xampp\htdocs\host.em\admin\model\catalog\product.php on line 424
2015-08-24 13:38:51 - PHP Notice:  Undefined index: custom_field in C:\xampp\htdocs\host.em\admin\model\sale\order.php on line 96
2015-08-24 13:38:51 - PHP Notice:  Undefined index: payment_custom_field in C:\xampp\htdocs\host.em\admin\model\sale\order.php on line 112
2015-08-24 13:38:51 - PHP Notice:  Undefined index: shipping_custom_field in C:\xampp\htdocs\host.em\admin\model\sale\order.php on line 130
2015-08-24 13:38:52 - Cannot find controller class file for route 'payment/paypay/action'
2015-08-26 19:31:24 - PHP Notice:  Undefined index: name in C:\xampp\htdocs\host.em\catalog\controller\module\category_product_slider.php on line 68
2015-08-26 19:31:24 - PHP Notice:  Undefined index: name in C:\xampp\htdocs\host.em\catalog\controller\module\category_product_slider.php on line 68
2015-08-26 19:36:31 - PHP Notice:  Undefined index: name in C:\xampp\htdocs\host.em\catalog\controller\module\category_product_slider.php on line 68
2015-08-26 19:36:34 - PHP Notice:  Undefined index: name in C:\xampp\htdocs\host.em\catalog\controller\module\category_product_slider.php on line 68
2015-08-26 19:36:45 - PHP Notice:  Undefined index: name in C:\xampp\htdocs\host.em\catalog\controller\module\category_product_slider.php on line 68
2015-08-26 19:37:01 - PHP Notice:  unserialize(): Error at offset 0 of 6 bytes in C:\xampp\htdocs\host.em\system\library\cache\file.php on line 38
2015-08-26 19:37:01 - PHP Notice:  unserialize(): Error at offset 0 of 6 bytes in C:\xampp\htdocs\host.em\system\library\cache\file.php on line 38
2015-08-26 19:37:06 - PHP Notice:  unserialize(): Error at offset 0 of 444 bytes in C:\xampp\htdocs\host.em\system\library\cache\file.php on line 38
2015-08-26 19:37:06 - PHP Notice:  unserialize(): Error at offset 0 of 219 bytes in C:\xampp\htdocs\host.em\system\library\cache\file.php on line 38
2015-08-26 19:38:48 - PHP Notice:  Undefined index: name in C:\xampp\htdocs\host.em\catalog\controller\module\category_product_slider.php on line 68
2015-08-26 19:39:18 - PHP Notice:  Undefined index: meta_title in C:\xampp\htdocs\host.em\admin\model\catalog\product.php on line 424
2015-08-26 19:40:02 - PHP Notice:  Undefined index: meta_title in C:\xampp\htdocs\host.em\admin\model\catalog\product.php on line 424
2015-08-26 19:40:20 - PHP Notice:  Undefined index: name in C:\xampp\htdocs\host.em\catalog\controller\module\category_product_slider.php on line 68
2015-08-26 19:40:31 - PHP Notice:  Undefined index: meta_title in C:\xampp\htdocs\host.em\admin\model\catalog\category.php on line 267
2015-08-26 19:40:52 - PHP Notice:  Error: Unknown column 'meta_title' in 'field list'<br />Error No: 1054<br />INSERT INTO oc_category_description SET category_id = '59', language_id = '1', name = 'Автоцветущие феминизированные', description = '&lt;p&gt;&lt;br&gt;&lt;/p&gt;', meta_title = 'Автоцветущие феминизированные', meta_description = '', meta_keyword = '' in C:\xampp\htdocs\host.em\system\library\db\mysqli.php on line 41
2015-08-26 19:40:52 - PHP Notice:  Error: Unknown column 'meta_title' in 'field list'<br />Error No: 1054<br />INSERT INTO oc_category_description SET category_id = '59', language_id = '2', name = 'Автоцветущие феминизированные', description = '&lt;p&gt;\r\n	&lt;span style=&quot;color:#006400;&quot;&gt;&lt;span style=&quot;font-size:14px;&quot;&gt;&lt;strong&gt;&lt;span style=&quot;font-family: Verdana, Verdana, Helvetica, sans-serif;&quot;&gt;Автоцветущие семена каннабиса – это семена растений, которые начинают цвести самостоятельно через 2-4 недели. Например для того, чтобы нормальные феминизированные растения Индика и Сатива начали цвести, их следует поставить под внутреннее освещение с режимом 12/12 часов, только после этого растение перейдет в фазу цветения. &amp;nbsp;&lt;/span&gt;&lt;br style=&quot;color: rgb(0, 0, 2); font-family: Verdana, Verdana, Helvetica, sans-serif;&quot;&gt;\r\n	&lt;span style=&quot;font-family: Verdana, Verdana, Helvetica, sans-serif;&quot;&gt;Автоцветущие сорта конопли – это растения Индика или Сатива, скрещённые с видом Рудералис. Данный вид каннабиса растёт в районах с очень коротким летом, но очень длинным световым днём – 22-24 часа в день. Конопля Рудералис начинает цвести самостоятельно в течение очень короткого времени (как правило, через 2-4 недели).&amp;nbsp;&lt;/span&gt;&lt;/strong&gt;&lt;/span&gt;&lt;/span&gt;&lt;/p&gt;\r\n', meta_title = 'Автоцветущие феминизированные', meta_description = ' Автоцветущие феминизированные семена конопли', meta_keyword = '' in C:\xampp\htdocs\host.em\system\library\db\mysqli.php on line 41
2015-08-26 19:40:54 - PHP Notice:  Undefined index: name in C:\xampp\htdocs\host.em\catalog\controller\module\category_product_slider.php on line 68
2015-08-26 19:41:03 - PHP Notice:  Undefined index: meta_title in C:\xampp\htdocs\host.em\admin\model\catalog\product.php on line 424
2015-08-26 19:41:11 - PHP Notice:  Error: Unknown column 'meta_title' in 'field list'<br />Error No: 1054<br />INSERT INTO oc_product_description SET product_id = '459', language_id = '1', name = 'Автоцветущие феминизированные', description = '&lt;p&gt;Автоцветущие феминизированные&lt;/p&gt;', tag = '', meta_title = 'Автоцветущие феминизированные', meta_description = '', meta_keyword = '' in C:\xampp\htdocs\host.em\system\library\db\mysqli.php on line 41
2015-08-26 19:41:11 - PHP Notice:  Error: Unknown column 'meta_title' in 'field list'<br />Error No: 1054<br />INSERT INTO oc_product_description SET product_id = '459', language_id = '2', name = '+Speed Feminised', description = '&lt;div&gt;\r\n	&quot;+Speed auto&quot;- название сорта говорит за себя. Очень быстроцветущее, сильное и компактное растение, которое производит большое количество ароматных шишек полностью покрытых кристаллами.&lt;/div&gt;\r\n&lt;div&gt;\r\n	Сорт был получен скрещиванием двух не менее именитых родителей, Critical Mass( от которого сорт унаследовал кустистость и аромат) х Speed Devil (подарил ген автоцветения), в итоге результат превзошел все ожидания.&lt;/div&gt;\r\n&lt;div&gt;\r\n	В идеальных условиях, растение полностью отцветает за 7недель от всхода.&lt;/div&gt;\r\n&lt;div&gt;\r\n	Имеет сладкий фруктовый аромат, с легким привкусом сыра и дрожжей.&lt;/div&gt;\r\n', tag = '', meta_title = 'Автоцветущие феминизированные', meta_description = 'Купить семена конопли +Speed Feminised', meta_keyword = '' in C:\xampp\htdocs\host.em\system\library\db\mysqli.php on line 41
2015-08-26 19:41:14 - PHP Notice:  Undefined index: meta_title in C:\xampp\htdocs\host.em\admin\model\catalog\product.php on line 424
2015-08-26 19:41:29 - PHP Notice:  Error: Unknown column 'meta_title' in 'field list'<br />Error No: 1054<br />INSERT INTO oc_product_description SET product_id = '1132', language_id = '1', name = 'Автоцветущие феминизированные', description = '&lt;p&gt;&lt;br&gt;&lt;/p&gt;', tag = '', meta_title = 'Автоцветущие феминизированные', meta_description = '', meta_keyword = '' in C:\xampp\htdocs\host.em\system\library\db\mysqli.php on line 41
2015-08-26 19:41:29 - PHP Notice:  Error: Unknown column 'meta_title' in 'field list'<br />Error No: 1054<br />INSERT INTO oc_product_description SET product_id = '1132', language_id = '2', name = '1024', description = '&lt;div&gt;\r\n	&lt;span style=&quot;color:#008000;&quot;&gt;&lt;strong&gt;Мы вправе гордится этим сортом.&lt;/strong&gt;&lt;/span&gt;&lt;/div&gt;\r\n&lt;div&gt;\r\n	&lt;span style=&quot;color:#008000;&quot;&gt;&lt;strong&gt;1024 сочетает в себе все – вкус, продуктивность, аромат.&lt;/strong&gt;&lt;/span&gt;&lt;/div&gt;\r\n&lt;div&gt;\r\n	&lt;span style=&quot;color:#008000;&quot;&gt;&lt;strong&gt;Это идеальное растение.&lt;/strong&gt;&lt;/span&gt;&lt;/div&gt;\r\n&lt;div&gt;\r\n	&lt;span style=&quot;color:#008000;&quot;&gt;&lt;strong&gt;Прекрасно подходит для всех систем производства – органика, кокос, гидропоника…&lt;/strong&gt;&lt;/span&gt;&lt;/div&gt;\r\n&lt;div&gt;\r\n	&lt;span style=&quot;color:#008000;&quot;&gt;&lt;strong&gt;При оптимальных условиях ТГК может быть более 23%.&lt;/strong&gt;&lt;/span&gt;&lt;/div&gt;\r\n&lt;div&gt;\r\n	&lt;span style=&quot;color:#008000;&quot;&gt;&lt;strong&gt;Вкус не поддается определению, он сочетает все себе различные ароматы – сладкие, пряные, фруктовые.&lt;/strong&gt;&lt;/span&gt;&lt;/div&gt;\r\n&lt;div&gt;\r\n	&lt;span style=&quot;color:#008000;&quot;&gt;&lt;strong&gt;Все только и говорят об этом растении!&lt;/strong&gt;&lt;/span&gt;&lt;/div&gt;\r\n', tag = '', meta_title = 'Автоцветущие феминизированные', meta_description = '', meta_keyword = '' in C:\xampp\htdocs\host.em\system\library\db\mysqli.php on line 41
2015-08-26 19:41:34 - PHP Notice:  Undefined index: name in C:\xampp\htdocs\host.em\catalog\controller\module\category_product_slider.php on line 68
2015-08-26 19:41:39 - PHP Notice:  Undefined index: name in C:\xampp\htdocs\host.em\catalog\controller\module\category_product_slider.php on line 68
2015-08-26 19:41:52 - PHP Notice:  Undefined index: meta_title in C:\xampp\htdocs\host.em\admin\model\catalog\product.php on line 424
2015-08-26 19:42:07 - PHP Notice:  Undefined index: meta_title in C:\xampp\htdocs\host.em\admin\model\catalog\product.php on line 424
2015-08-26 19:42:49 - PHP Notice:  Error: Unknown column 'meta_title' in 'field list'<br />Error No: 1054<br />INSERT INTO oc_product_description SET product_id = '427', language_id = '1', name = '1024 Feminised', description = '&lt;p&gt;1024 Feminised&lt;/p&gt;', tag = '', meta_title = '1024 Feminised', meta_description = '1024 Feminised', meta_keyword = '' in C:\xampp\htdocs\host.em\system\library\db\mysqli.php on line 41
2015-08-26 19:42:49 - PHP Notice:  Error: Unknown column 'meta_title' in 'field list'<br />Error No: 1054<br />INSERT INTO oc_product_description SET product_id = '427', language_id = '2', name = '1024 Feminised', description = '&lt;p&gt;\r\n	&lt;span style=&quot;font-size:12px;&quot;&gt;Этот сорт на 30% indica и на 70% sativa.&lt;/span&gt;&lt;/p&gt;\r\n&lt;p&gt;\r\n	&lt;span style=&quot;font-size:12px;&quot;&gt;Растение сочитает в себе одновременно сладкий, фруктовый, пряный вкус. Приспособленый ко всем системам выращивания (сосо, органические, гидропоника..).&lt;/span&gt;&lt;/p&gt;\r\n&lt;p&gt;\r\n	&lt;span style=&quot;font-size:12px;&quot;&gt;При оптимальных условиях выращивания можно достичь уровень ТГК равному 23%.&lt;/span&gt;&lt;/p&gt;\r\n&lt;p&gt;\r\n	&amp;nbsp;&lt;/p&gt;\r\n', tag = '', meta_title = '1024 Feminised', meta_description = 'Купить семена конопли 1024 Feminised', meta_keyword = '' in C:\xampp\htdocs\host.em\system\library\db\mysqli.php on line 41
2015-08-26 19:43:06 - PHP Notice:  Undefined index: name in C:\xampp\htdocs\host.em\catalog\controller\module\category_product_slider.php on line 68
2015-08-26 19:43:13 - PHP Notice:  Undefined index: meta_title in C:\xampp\htdocs\host.em\admin\model\catalog\category.php on line 267
2015-08-26 19:43:21 - PHP Notice:  Undefined index: meta_title in C:\xampp\htdocs\host.em\catalog\model\catalog\product.php on line 15
2015-08-26 19:43:21 - PHP Notice:  Undefined index: meta_title in C:\xampp\htdocs\host.em\catalog\model\catalog\product.php on line 15
2015-08-26 19:43:21 - PHP Notice:  Undefined index: meta_title in C:\xampp\htdocs\host.em\catalog\model\catalog\product.php on line 15
2015-08-26 19:43:21 - PHP Notice:  Undefined index: meta_title in C:\xampp\htdocs\host.em\catalog\model\catalog\product.php on line 15
2015-08-26 19:43:21 - PHP Notice:  Undefined index: meta_title in C:\xampp\htdocs\host.em\catalog\model\catalog\product.php on line 15
2015-08-26 19:43:21 - PHP Notice:  Undefined index: meta_title in C:\xampp\htdocs\host.em\catalog\model\catalog\product.php on line 15
2015-08-26 19:43:21 - PHP Notice:  Undefined index: meta_title in C:\xampp\htdocs\host.em\catalog\model\catalog\product.php on line 15
2015-08-26 19:43:21 - PHP Notice:  Undefined index: meta_title in C:\xampp\htdocs\host.em\catalog\model\catalog\product.php on line 15
2015-08-26 19:43:21 - PHP Notice:  Undefined index: meta_title in C:\xampp\htdocs\host.em\catalog\model\catalog\product.php on line 15
2015-08-26 19:43:21 - PHP Notice:  Undefined index: meta_title in C:\xampp\htdocs\host.em\catalog\model\catalog\product.php on line 15
2015-08-26 19:43:23 - PHP Notice:  Undefined index: name in C:\xampp\htdocs\host.em\catalog\controller\module\category_product_slider.php on line 68
2015-08-26 19:43:23 - PHP Notice:  Undefined index: meta_title in C:\xampp\htdocs\host.em\catalog\model\catalog\product.php on line 15
2015-08-26 19:43:23 - PHP Notice:  Undefined index: meta_title in C:\xampp\htdocs\host.em\catalog\model\catalog\product.php on line 15
2015-08-26 19:43:23 - PHP Notice:  Undefined index: meta_title in C:\xampp\htdocs\host.em\catalog\model\catalog\product.php on line 15
2015-08-26 19:43:23 - PHP Notice:  Undefined index: meta_title in C:\xampp\htdocs\host.em\catalog\model\catalog\product.php on line 15
2015-08-26 19:43:23 - PHP Notice:  Undefined index: meta_title in C:\xampp\htdocs\host.em\catalog\model\catalog\product.php on line 15
2015-08-26 19:43:23 - PHP Notice:  Undefined index: meta_title in C:\xampp\htdocs\host.em\catalog\model\catalog\product.php on line 15
2015-08-26 19:43:23 - PHP Notice:  Undefined index: meta_title in C:\xampp\htdocs\host.em\catalog\model\catalog\product.php on line 15
2015-08-26 19:43:23 - PHP Notice:  Undefined index: meta_title in C:\xampp\htdocs\host.em\catalog\model\catalog\product.php on line 15
2015-08-26 19:43:23 - PHP Notice:  Undefined index: meta_title in C:\xampp\htdocs\host.em\catalog\model\catalog\product.php on line 15
2015-08-26 19:43:23 - PHP Notice:  Undefined index: meta_title in C:\xampp\htdocs\host.em\catalog\model\catalog\product.php on line 15
2015-08-26 19:43:25 - PHP Notice:  Undefined index: meta_title in C:\xampp\htdocs\host.em\catalog\model\catalog\product.php on line 15
2015-08-26 19:43:25 - PHP Notice:  Undefined index: meta_title in C:\xampp\htdocs\host.em\catalog\model\catalog\product.php on line 15
2015-08-26 19:43:25 - PHP Notice:  Undefined index: meta_title in C:\xampp\htdocs\host.em\catalog\model\catalog\product.php on line 15
2015-08-26 19:43:55 - PHP Notice:  Undefined index: name in C:\xampp\htdocs\host.em\catalog\controller\module\category_product_slider.php on line 68
2015-08-26 19:43:55 - PHP Notice:  Undefined index: meta_title in C:\xampp\htdocs\host.em\catalog\model\catalog\product.php on line 15
2015-08-26 19:43:55 - PHP Notice:  Undefined index: meta_title in C:\xampp\htdocs\host.em\catalog\model\catalog\product.php on line 15
2015-08-26 19:43:55 - PHP Notice:  Undefined index: meta_title in C:\xampp\htdocs\host.em\catalog\model\catalog\product.php on line 15
2015-08-26 19:43:55 - PHP Notice:  Undefined index: meta_title in C:\xampp\htdocs\host.em\catalog\model\catalog\product.php on line 15
2015-08-26 19:43:55 - PHP Notice:  Undefined index: meta_title in C:\xampp\htdocs\host.em\catalog\model\catalog\product.php on line 15
2015-08-26 19:43:55 - PHP Notice:  Undefined index: meta_title in C:\xampp\htdocs\host.em\catalog\model\catalog\product.php on line 15
2015-08-26 19:43:55 - PHP Notice:  Undefined index: meta_title in C:\xampp\htdocs\host.em\catalog\model\catalog\product.php on line 15
2015-08-26 19:43:55 - PHP Notice:  Undefined index: meta_title in C:\xampp\htdocs\host.em\catalog\model\catalog\product.php on line 15
2015-08-26 19:43:55 - PHP Notice:  Undefined index: meta_title in C:\xampp\htdocs\host.em\catalog\model\catalog\product.php on line 15
2015-08-26 19:43:55 - PHP Notice:  Undefined index: meta_title in C:\xampp\htdocs\host.em\catalog\model\catalog\product.php on line 15
2015-08-26 19:44:14 - PHP Notice:  Undefined index: meta_title in C:\xampp\htdocs\host.em\catalog\model\catalog\product.php on line 15
2015-08-26 19:44:14 - PHP Notice:  Undefined index: meta_title in C:\xampp\htdocs\host.em\catalog\model\catalog\product.php on line 15
2015-08-26 19:44:14 - PHP Notice:  Undefined index: meta_title in C:\xampp\htdocs\host.em\catalog\model\catalog\product.php on line 15
2015-08-26 19:44:14 - PHP Notice:  Undefined index: meta_title in C:\xampp\htdocs\host.em\catalog\model\catalog\product.php on line 15
2015-08-26 19:44:14 - PHP Notice:  Undefined index: meta_title in C:\xampp\htdocs\host.em\catalog\model\catalog\product.php on line 15
2015-08-26 19:44:14 - PHP Notice:  Undefined index: meta_title in C:\xampp\htdocs\host.em\catalog\model\catalog\product.php on line 15
2015-08-26 19:44:16 - PHP Notice:  Undefined index: name in C:\xampp\htdocs\host.em\catalog\controller\module\category_product_slider.php on line 68
2015-08-26 19:44:16 - PHP Notice:  Undefined index: meta_title in C:\xampp\htdocs\host.em\catalog\model\catalog\product.php on line 15
2015-08-26 19:44:16 - PHP Notice:  Undefined index: meta_title in C:\xampp\htdocs\host.em\catalog\model\catalog\product.php on line 15
2015-08-26 19:44:16 - PHP Notice:  Undefined index: meta_title in C:\xampp\htdocs\host.em\catalog\model\catalog\product.php on line 15
2015-08-26 19:44:16 - PHP Notice:  Undefined index: meta_title in C:\xampp\htdocs\host.em\catalog\model\catalog\product.php on line 15
2015-08-26 19:44:16 - PHP Notice:  Undefined index: meta_title in C:\xampp\htdocs\host.em\catalog\model\catalog\product.php on line 15
2015-08-26 19:44:16 - PHP Notice:  Undefined index: meta_title in C:\xampp\htdocs\host.em\catalog\model\catalog\product.php on line 15
2015-08-26 19:44:16 - PHP Notice:  Undefined index: meta_title in C:\xampp\htdocs\host.em\catalog\model\catalog\product.php on line 15
2015-08-26 19:44:16 - PHP Notice:  Undefined index: meta_title in C:\xampp\htdocs\host.em\catalog\model\catalog\product.php on line 15
2015-08-26 19:44:16 - PHP Notice:  Undefined index: meta_title in C:\xampp\htdocs\host.em\catalog\model\catalog\product.php on line 15
2015-08-26 19:44:16 - PHP Notice:  Undefined index: meta_title in C:\xampp\htdocs\host.em\catalog\model\catalog\product.php on line 15
2015-08-26 19:44:52 - PHP Notice:  Undefined index: name in C:\xampp\htdocs\host.em\catalog\controller\module\category_product_slider.php on line 68
2015-08-26 19:44:52 - PHP Notice:  Undefined index: meta_title in C:\xampp\htdocs\host.em\catalog\model\catalog\product.php on line 15
2015-08-26 19:44:52 - PHP Notice:  Undefined index: meta_title in C:\xampp\htdocs\host.em\catalog\model\catalog\product.php on line 15
2015-08-26 19:44:52 - PHP Notice:  Undefined index: meta_title in C:\xampp\htdocs\host.em\catalog\model\catalog\product.php on line 15
2015-08-26 19:44:52 - PHP Notice:  Undefined index: meta_title in C:\xampp\htdocs\host.em\catalog\model\catalog\product.php on line 15
2015-08-26 19:44:52 - PHP Notice:  Undefined index: meta_title in C:\xampp\htdocs\host.em\catalog\model\catalog\product.php on line 15
2015-08-26 19:44:52 - PHP Notice:  Undefined index: meta_title in C:\xampp\htdocs\host.em\catalog\model\catalog\product.php on line 15
2015-08-26 19:44:52 - PHP Notice:  Undefined index: meta_title in C:\xampp\htdocs\host.em\catalog\model\catalog\product.php on line 15
2015-08-26 19:44:52 - PHP Notice:  Undefined index: meta_title in C:\xampp\htdocs\host.em\catalog\model\catalog\product.php on line 15
2015-08-26 19:44:52 - PHP Notice:  Undefined index: meta_title in C:\xampp\htdocs\host.em\catalog\model\catalog\product.php on line 15
2015-08-26 19:44:52 - PHP Notice:  Undefined index: meta_title in C:\xampp\htdocs\host.em\catalog\model\catalog\product.php on line 15
2015-08-26 19:58:18 - PHP Notice:  Undefined index: name in C:\xampp\htdocs\host.em\catalog\controller\module\category_product_slider.php on line 68
2015-08-26 19:59:17 - PHP Notice:  Undefined index: name in C:\xampp\htdocs\host.em\catalog\controller\module\category_product_slider.php on line 68
2015-08-26 20:00:01 - PHP Notice:  Error: Unknown column 'custom_field' in 'field list'<br />Error No: 1054<br />INSERT INTO `oc_order` SET invoice_prefix = 'INV-2013-00', store_id = '0', store_name = 'Your Store', store_url = 'http://host.em/', customer_id = '0', customer_group_id = '1', firstname = 'afer', lastname = 'aferer', email = 'afer-18@list.ru', telephone = '454545', fax = '', custom_field = 'a:0:{}', payment_firstname = 'afer', payment_lastname = 'aferer', payment_company = '', payment_address_1 = 'dgffgfdg', payment_address_2 = '', payment_city = 'рапр', payment_postcode = '5656', payment_country = 'Uganda', payment_country_id = '219', payment_zone = 'Kalangala', payment_zone_id = '3424', payment_address_format = '', payment_custom_field = 'a:0:{}', payment_method = 'Оплата при доставке', payment_code = 'cod', shipping_firstname = 'afer', shipping_lastname = 'aferer', shipping_company = '', shipping_address_1 = 'dgffgfdg', shipping_address_2 = '', shipping_city = 'рапр', shipping_postcode = '5656', shipping_country = 'Uganda', shipping_country_id = '219', shipping_zone = 'Kalangala', shipping_zone_id = '3424', shipping_address_format = '', shipping_custom_field = 'a:0:{}', shipping_method = 'Доставка с фиксированной стоимостью доставки', shipping_code = 'flat.flat', comment = '', total = '7.25', affiliate_id = '0', commission = '0', marketing_id = '0', tracking = '', language_id = '2', currency_id = '2', currency_code = 'USD', currency_value = '1', ip = '127.0.0.1', forwarded_ip = '', user_agent = 'Mozilla/5.0 (Windows NT 6.1; WOW64) AppleWebKit/537.36 (KHTML, like Gecko) Chrome/46.0.2490.4 Safari/537.36', accept_language = 'ru-RU,ru;q=0.8,en-US;q=0.6,en;q=0.4', date_added = NOW(), date_modified = NOW() in C:\xampp\htdocs\host.em\system\library\db\mysqli.php on line 41
2015-08-26 20:02:41 - PHP Notice:  Undefined index: name in C:\xampp\htdocs\host.em\catalog\controller\module\category_product_slider.php on line 68
2015-08-26 20:02:41 - PHP Notice:  Undefined index: name in C:\xampp\htdocs\host.em\catalog\controller\module\category_product_slider.php on line 68
2015-08-26 20:03:43 - PHP Notice:  Undefined index: name in C:\xampp\htdocs\host.em\catalog\controller\module\category_product_slider.php on line 69
2015-08-26 20:03:44 - PHP Notice:  Undefined index: name in C:\xampp\htdocs\host.em\catalog\controller\module\category_product_slider.php on line 69
2015-08-26 20:04:24 - PHP Notice:  Undefined index: name in C:\xampp\htdocs\host.em\catalog\controller\module\category_product_slider.php on line 69
2015-08-26 20:04:25 - PHP Notice:  Undefined index: name in C:\xampp\htdocs\host.em\catalog\controller\module\category_product_slider.php on line 69
2015-08-26 20:05:04 - PHP Notice:  Undefined index: name in C:\xampp\htdocs\host.em\catalog\controller\module\category_product_slider.php on line 69
2015-08-26 20:05:05 - PHP Notice:  Undefined index: name in C:\xampp\htdocs\host.em\catalog\controller\module\category_product_slider.php on line 69
2015-08-26 20:05:15 - PHP Notice:  Undefined index: name in C:\xampp\htdocs\host.em\catalog\controller\module\category_product_slider.php on line 69
2015-08-26 20:05:16 - PHP Notice:  Undefined index: name in C:\xampp\htdocs\host.em\catalog\controller\module\category_product_slider.php on line 69
2015-08-26 20:07:08 - PHP Notice:  Undefined index: name in C:\xampp\htdocs\host.em\catalog\controller\module\category_product_slider.php on line 69
2015-08-26 20:07:09 - PHP Notice:  Undefined index: name in C:\xampp\htdocs\host.em\catalog\controller\module\category_product_slider.php on line 69
2015-08-26 20:59:46 - PHP Notice:  Undefined index: meta_title in C:\xampp\htdocs\host.em\admin\model\catalog\product.php on line 424
2015-08-26 21:12:53 - PHP Notice:  Undefined index: meta_title in C:\xampp\htdocs\host.em\admin\model\catalog\product.php on line 424
2015-08-26 21:29:20 - PHP Notice:  Undefined index: meta_title in C:\xampp\htdocs\host.em\admin\model\catalog\product.php on line 424
2015-08-27 18:45:18 - PHP Notice:  Undefined index: meta_title in C:\xampp\htdocs\host.em\admin\model\catalog\product.php on line 424
2015-08-27 18:49:04 - PHP Notice:  Undefined index: meta_title in C:\xampp\htdocs\host.em\admin\model\catalog\product.php on line 424
2015-08-27 18:52:26 - PHP Notice:  Undefined index: meta_title in C:\xampp\htdocs\host.em\admin\model\catalog\product.php on line 424
2015-08-27 18:53:02 - PHP Notice:  Undefined index: meta_title in C:\xampp\htdocs\host.em\admin\model\catalog\product.php on line 424
2015-08-27 18:53:02 - PHP Notice:  Undefined index: value in C:\xampp\htdocs\host.em\admin\model\catalog\product.php on line 512
2015-08-27 18:53:10 - PHP Notice:  Undefined index: value in C:\xampp\htdocs\host.em\catalog\model\catalog\product.php on line 380
2015-08-27 18:53:31 - PHP Notice:  Undefined index: value in C:\xampp\htdocs\host.em\catalog\model\catalog\product.php on line 380
2015-08-29 12:26:37 - PHP Notice:  Undefined index: value in C:\xampp\htdocs\host.em\catalog\model\catalog\product.php on line 380
2015-08-29 12:26:59 - PHP Notice:  Undefined index: value in C:\xampp\htdocs\host.em\catalog\model\catalog\product.php on line 380
2015-08-29 12:27:12 - PHP Notice:  Undefined index: meta_title in C:\xampp\htdocs\host.em\admin\model\catalog\product.php on line 424
2015-08-29 12:27:12 - PHP Notice:  Undefined index: value in C:\xampp\htdocs\host.em\admin\model\catalog\product.php on line 512
2015-08-29 12:27:17 - PHP Notice:  Undefined index: meta_title in C:\xampp\htdocs\host.em\admin\model\catalog\product.php on line 424
2015-08-29 12:27:17 - PHP Notice:  Undefined index: value in C:\xampp\htdocs\host.em\admin\model\catalog\product.php on line 512
2015-08-29 13:00:44 - PHP Notice:  Undefined index: value in C:\xampp\htdocs\host.em\catalog\model\catalog\product.php on line 380
2015-08-29 13:00:51 - PHP Notice:  Undefined index: value in C:\xampp\htdocs\host.em\catalog\model\catalog\product.php on line 380
2015-08-29 13:02:07 - PHP Notice:  Undefined index: value in C:\xampp\htdocs\host.em\catalog\model\catalog\product.php on line 380
2015-08-29 13:06:23 - PHP Notice:  Undefined index: value in C:\xampp\htdocs\host.em\catalog\model\catalog\product.php on line 380
2015-08-29 13:06:23 - PHP Notice:  Undefined index: value in C:\xampp\htdocs\host.em\catalog\model\catalog\product.php on line 380
2015-08-29 13:09:08 - PHP Notice:  Undefined index: value in C:\xampp\htdocs\host.em\catalog\model\catalog\product.php on line 380
2015-08-29 13:09:08 - PHP Notice:  Undefined index: value in C:\xampp\htdocs\host.em\catalog\model\catalog\product.php on line 380
2015-08-29 13:09:20 - PHP Notice:  Undefined index: value in C:\xampp\htdocs\host.em\catalog\model\catalog\product.php on line 380
2015-08-29 13:09:20 - PHP Notice:  Undefined index: value in C:\xampp\htdocs\host.em\catalog\model\catalog\product.php on line 380
2015-08-29 13:09:29 - PHP Notice:  Undefined index: value in C:\xampp\htdocs\host.em\catalog\model\catalog\product.php on line 380
2015-08-29 13:09:47 - PHP Notice:  Undefined index: value in C:\xampp\htdocs\host.em\catalog\model\catalog\product.php on line 380
2015-08-29 13:10:13 - PHP Notice:  Undefined index: value in C:\xampp\htdocs\host.em\catalog\model\catalog\product.php on line 380
2015-08-29 13:10:20 - PHP Notice:  Undefined index: value in C:\xampp\htdocs\host.em\catalog\model\catalog\product.php on line 380
2015-08-29 13:10:31 - PHP Notice:  Undefined index: value in C:\xampp\htdocs\host.em\catalog\model\catalog\product.php on line 380
2015-08-29 13:40:33 - PHP Notice:  Undefined index: value in C:\xampp\htdocs\host.em\catalog\model\catalog\product.php on line 389
2015-08-29 13:40:34 - PHP Notice:  Undefined index: value in C:\xampp\htdocs\host.em\catalog\model\catalog\product.php on line 389
2015-08-29 13:42:53 - PHP Notice:  Undefined index: meta_title in C:\xampp\htdocs\host.em\admin\model\catalog\product.php on line 424
2015-08-29 13:42:53 - PHP Notice:  Undefined index: value in C:\xampp\htdocs\host.em\admin\model\catalog\product.php on line 512
2015-08-29 13:43:01 - PHP Notice:  Undefined index: value in C:\xampp\htdocs\host.em\catalog\model\catalog\product.php on line 389
2015-08-29 13:43:30 - PHP Notice:  Undefined index: value in C:\xampp\htdocs\host.em\catalog\model\catalog\product.php on line 389
2015-08-29 13:43:33 - PHP Notice:  Undefined index: value in C:\xampp\htdocs\host.em\catalog\model\catalog\product.php on line 389
2015-08-29 13:43:42 - PHP Notice:  Undefined index: value in C:\xampp\htdocs\host.em\catalog\model\catalog\product.php on line 389
2015-08-29 13:44:25 - PHP Notice:  Error: Unknown column 'custom_field' in 'field list'<br />Error No: 1054<br />INSERT INTO `oc_order` SET invoice_prefix = 'INV-2013-00', store_id = '0', store_name = 'Your Store', store_url = 'http://host.em/', customer_id = '0', customer_group_id = '1', firstname = 'afer', lastname = 'afere', email = 'afer-18@list.ru', telephone = '34334', fax = '', custom_field = 'a:0:{}', payment_firstname = 'afer', payment_lastname = 'afere', payment_company = '', payment_address_1 = 'asdsas', payment_address_2 = '', payment_city = 'asdasda', payment_postcode = '454545', payment_country = 'Ukraine', payment_country_id = '220', payment_zone = 'Mykolayivs\'ka Oblast\'', payment_zone_id = '3494', payment_address_format = '', payment_custom_field = 'a:0:{}', payment_method = 'Оплата при доставке', payment_code = 'cod', shipping_firstname = 'afer', shipping_lastname = 'afere', shipping_company = '', shipping_address_1 = 'asdsas', shipping_address_2 = '', shipping_city = 'asdasda', shipping_postcode = '454545', shipping_country = 'Ukraine', shipping_country_id = '220', shipping_zone = 'Mykolayivs\'ka Oblast\'', shipping_zone_id = '3494', shipping_address_format = '', shipping_custom_field = 'a:0:{}', shipping_method = 'Доставка с фиксированной стоимостью доставки', shipping_code = 'flat.flat', comment = '', total = '58', affiliate_id = '0', commission = '0', marketing_id = '0', tracking = '', language_id = '2', currency_id = '2', currency_code = 'USD', currency_value = '1', ip = '127.0.0.1', forwarded_ip = '', user_agent = 'Mozilla/5.0 (Windows NT 6.1; WOW64) AppleWebKit/537.36 (KHTML, like Gecko) Chrome/46.0.2490.6 Safari/537.36', accept_language = 'ru-RU,ru;q=0.8,en-US;q=0.6,en;q=0.4', date_added = NOW(), date_modified = NOW() in C:\xampp\htdocs\host.em\system\library\db\mysqli.php on line 41
2015-08-29 13:45:11 - PHP Notice:  Error: Unknown column 'custom_field' in 'field list'<br />Error No: 1054<br />INSERT INTO `oc_order` SET invoice_prefix = 'INV-2013-00', store_id = '0', store_name = 'Your Store', store_url = 'http://host.em/', customer_id = '0', customer_group_id = '1', firstname = 'afer', lastname = 'afere', email = 'afer-18@list.ru', telephone = '34334', fax = '', custom_field = 'a:0:{}', payment_firstname = 'afer', payment_lastname = 'afere', payment_company = '', payment_address_1 = 'asdsas', payment_address_2 = '', payment_city = 'asdasda', payment_postcode = '454545', payment_country = 'Ukraine', payment_country_id = '220', payment_zone = 'Mykolayivs\'ka Oblast\'', payment_zone_id = '3494', payment_address_format = '', payment_custom_field = 'a:0:{}', payment_method = 'Оплата при доставке', payment_code = 'cod', shipping_firstname = 'afer', shipping_lastname = 'afere', shipping_company = '', shipping_address_1 = 'asdsas', shipping_address_2 = '', shipping_city = 'asdasda', shipping_postcode = '454545', shipping_country = 'Ukraine', shipping_country_id = '220', shipping_zone = 'Mykolayivs\'ka Oblast\'', shipping_zone_id = '3494', shipping_address_format = '', shipping_custom_field = 'a:0:{}', shipping_method = 'Доставка с фиксированной стоимостью доставки', shipping_code = 'flat.flat', comment = '', total = '58', affiliate_id = '0', commission = '0', marketing_id = '0', tracking = '', language_id = '2', currency_id = '2', currency_code = 'USD', currency_value = '1', ip = '127.0.0.1', forwarded_ip = '', user_agent = 'Mozilla/5.0 (Windows NT 6.1; WOW64) AppleWebKit/537.36 (KHTML, like Gecko) Chrome/46.0.2490.6 Safari/537.36', accept_language = 'ru-RU,ru;q=0.8,en-US;q=0.6,en;q=0.4', date_added = NOW(), date_modified = NOW() in C:\xampp\htdocs\host.em\system\library\db\mysqli.php on line 41
2015-08-29 14:06:07 - PHP Notice:  Error: Unknown column 'payment_custom_field' in 'field list'<br />Error No: 1054<br />
		INSERT INTO `oc_order`
		SET invoice_prefix = 'INV-2013-00',
		store_id = '0',
		store_name = 'Your Store',
		store_url = 'http://host.em/',
		 customer_id = '0',
		 customer_group_id = '1',
		 firstname = 'afer',
		  lastname = 'afere',
		  email = 'afer-18@list.ru',
		  telephone = '34334',
		  fax = '',
		  payment_firstname = 'afer', payment_lastname = 'afere', payment_company = '', payment_address_1 = 'asdsas', payment_address_2 = '', payment_city = 'asdasda', payment_postcode = '454545', payment_country = 'Ukraine', payment_country_id = '220', payment_zone = 'Mykolayivs\'ka Oblast\'', payment_zone_id = '3494', payment_address_format = '', payment_custom_field = 'a:0:{}', payment_method = 'Оплата при доставке', payment_code = 'cod', shipping_firstname = 'afer', shipping_lastname = 'afere', shipping_company = '', shipping_address_1 = 'asdsas', shipping_address_2 = '', shipping_city = 'asdasda', shipping_postcode = '454545', shipping_country = 'Ukraine', shipping_country_id = '220', shipping_zone = 'Mykolayivs\'ka Oblast\'', shipping_zone_id = '3494', shipping_address_format = '', shipping_custom_field = 'a:0:{}', shipping_method = 'Доставка с фиксированной стоимостью доставки', shipping_code = 'flat.flat', comment = '', total = '58', affiliate_id = '0', commission = '0', marketing_id = '0', tracking = '', language_id = '2', currency_id = '2', currency_code = 'USD', currency_value = '1', ip = '127.0.0.1', forwarded_ip = '', user_agent = 'Mozilla/5.0 (Windows NT 6.1; WOW64) AppleWebKit/537.36 (KHTML, like Gecko) Chrome/46.0.2490.6 Safari/537.36', accept_language = 'ru-RU,ru;q=0.8,en-US;q=0.6,en;q=0.4', date_added = NOW(), date_modified = NOW() in C:\xampp\htdocs\host.em\system\library\db\mysqli.php on line 41
2015-08-29 14:11:49 - PHP Notice:  Error: Unknown column 'marketing_id' in 'field list'<br />Error No: 1054<br />
		INSERT INTO `oc_order`
		SET invoice_prefix = 'INV-2013-00',
		store_id = '0',
		store_name = 'Your Store',
		store_url = 'http://host.em/',
		 customer_id = '0',
		 customer_group_id = '1',
		 firstname = 'afer',
		  lastname = 'afere',
		  email = 'afer-18@list.ru',
		  telephone = '34334',
		  fax = '',
		  payment_firstname = 'afer',
		  payment_lastname = 'afere',
		  payment_company = '',
		  payment_address_1 = 'asdsas',
		  payment_address_2 = '',
		  payment_city = 'asdasda',
		  payment_postcode = '454545',
        payment_country = 'Ukraine',
        payment_country_id = '220',
        payment_zone = 'Mykolayivs\'ka Oblast\'',
        payment_zone_id = '3494',
        payment_address_format = '',
        payment_method = 'Оплата при доставке',
        payment_code = 'cod',
        shipping_firstname = 'afer',
        shipping_lastname = 'afere',
        shipping_company = '',
        shipping_address_1 = 'asdsas',
        shipping_address_2 = '',
        shipping_city = 'asdasda',
        shipping_postcode = '454545',
        shipping_country = 'Ukraine',
        shipping_country_id = '220',
         shipping_zone = 'Mykolayivs\'ka Oblast\'',
         shipping_zone_id = '3494',
         shipping_address_format = '',
         shipping_method = 'Доставка с фиксированной стоимостью доставки',
         shipping_code = 'flat.flat',
         comment = '',
         total = '58',
         affiliate_id = '0',
         commission = '0',
         marketing_id = '0',
         tracking = '',
         language_id = '2',
         currency_id = '2',
         currency_code = 'USD', currency_value = '1',
         ip = '127.0.0.1',
         forwarded_ip = '',
         user_agent = 'Mozilla/5.0 (Windows NT 6.1; WOW64) AppleWebKit/537.36 (KHTML, like Gecko) Chrome/46.0.2490.6 Safari/537.36',
          accept_language = 'ru-RU,ru;q=0.8,en-US;q=0.6,en;q=0.4',
          date_added = NOW(), date_modified = NOW() in C:\xampp\htdocs\host.em\system\library\db\mysqli.php on line 41
2015-08-29 14:12:39 - PHP Notice:  Undefined index: custom_field in C:\xampp\htdocs\host.em\catalog\model\checkout\order.php on line 247
2015-08-29 14:12:39 - PHP Notice:  Undefined index: payment_custom_field in C:\xampp\htdocs\host.em\catalog\model\checkout\order.php on line 263
2015-08-29 14:12:39 - PHP Notice:  Undefined index: shipping_custom_field in C:\xampp\htdocs\host.em\catalog\model\checkout\order.php on line 281
2015-08-29 14:14:36 - PHP Notice:  Undefined index: value in C:\xampp\htdocs\host.em\catalog\model\catalog\product.php on line 389
2015-08-29 14:14:52 - PHP Notice:  Undefined index: meta_title in C:\xampp\htdocs\host.em\admin\model\catalog\product.php on line 424
2015-08-29 14:14:52 - PHP Notice:  Undefined index: value in C:\xampp\htdocs\host.em\admin\model\catalog\product.php on line 512
2015-08-29 14:15:14 - PHP Notice:  Undefined index: value in C:\xampp\htdocs\host.em\catalog\model\catalog\product.php on line 389
2015-08-29 14:15:31 - PHP Notice:  Undefined index: value in C:\xampp\htdocs\host.em\catalog\model\catalog\product.php on line 389
2015-08-29 14:15:43 - PHP Notice:  Undefined index: value in C:\xampp\htdocs\host.em\catalog\model\catalog\product.php on line 389
2015-08-29 14:15:55 - PHP Notice:  Undefined index: value in C:\xampp\htdocs\host.em\catalog\model\catalog\product.php on line 389
2015-08-29 15:10:35 - PHP Notice:  Undefined index: value in C:\xampp\htdocs\host.em\catalog\controller\product\product.php on line 365
2015-08-29 15:15:49 - PHP Notice:  Undefined index: meta_title in C:\xampp\htdocs\host.em\admin\model\catalog\product.php on line 424
2015-08-29 15:15:50 - PHP Notice:  Undefined index: value in C:\xampp\htdocs\host.em\admin\model\catalog\product.php on line 512
2015-08-29 15:17:21 - PHP Notice:  Undefined index: meta_title in C:\xampp\htdocs\host.em\admin\model\catalog\product.php on line 424
2015-08-29 15:18:16 - PHP Notice:  Undefined index: meta_title in C:\xampp\htdocs\host.em\admin\model\catalog\product.php on line 424
2015-08-29 15:27:45 - PHP Notice:  Undefined index: meta_title in C:\xampp\htdocs\host.em\admin\model\catalog\product.php on line 424
2015-08-29 15:48:11 - PHP Notice:  Undefined index: meta_title in C:\xampp\htdocs\host.em\admin\model\catalog\product.php on line 424
2015-08-29 15:56:23 - PHP Notice:  Undefined index: meta_title in C:\xampp\htdocs\host.em\admin\model\catalog\category.php on line 267
2015-08-29 16:07:53 - PHP Notice:  Error: Unknown column 'meta_title' in 'field list'<br />Error No: 1054<br />INSERT INTO oc_category_description SET category_id = '61', language_id = '1', name = 'Автоцветущие', description = '&lt;p&gt;d&lt;/p&gt;', meta_title = 'Автоцветущие', meta_description = '', meta_keyword = '' in C:\xampp\htdocs\host.em\system\library\db\mysqli.php on line 41
2015-08-29 16:07:53 - PHP Notice:  Error: Unknown column 'meta_title' in 'field list'<br />Error No: 1054<br />INSERT INTO oc_category_description SET category_id = '61', language_id = '2', name = 'Автоцветущие', description = '&lt;p&gt;\r\n	&lt;span style=&quot;color:#006400;&quot;&gt;&lt;span style=&quot;font-size:14px;&quot;&gt;&lt;strong&gt;Автоцветущий сорт- это разновидность растения каннабис, которое завершает свой жизненый цикл независимо от светового периода, по достижению определенного возраста (обычно 65-80 дней от семени), в отличии от &quot;фотопериодного растения&quot; (которому для того что бы начать цвести необходима смена светового цикла). Получают такие растения при скрещивании различных сортов марихуаны с подвидом &quot;рудералис&quot;, который дает растению ген автоцветения. Таким образом Вы можете получить два и даже три урожая за сезон. Исключения составляют автосорта с преобладанием сативы (период созревания которых может колебаться до 120 дней от всходов).&lt;/strong&gt;&lt;/span&gt;&lt;/span&gt;&lt;/p&gt;\r\n', meta_title = 'Автоцветущие', meta_description = 'Автоцветущие', meta_keyword = '' in C:\xampp\htdocs\host.em\system\library\db\mysqli.php on line 41
2015-08-29 16:09:33 - PHP Notice:  Error: Unknown column 'meta_title' in 'field list'<br />Error No: 1054<br />INSERT INTO oc_category_description SET category_id = '64', language_id = '1', name = 'Медицинские сорта', description = '&lt;p&gt;&lt;br&gt;&lt;/p&gt;', meta_title = 'Медицинские сорта', meta_description = '', meta_keyword = '' in C:\xampp\htdocs\host.em\system\library\db\mysqli.php on line 41
2015-08-29 16:09:33 - PHP Notice:  Error: Unknown column 'meta_title' in 'field list'<br />Error No: 1054<br />INSERT INTO oc_category_description SET category_id = '64', language_id = '2', name = 'Медицинские сорта', description = '&lt;p&gt;\r\n	&lt;span style=&quot;color:#006400;&quot;&gt;&lt;span style=&quot;font-family:arial,helvetica,sans-serif;&quot;&gt;&lt;strong&gt;&lt;span style=&quot;font-size:16px;&quot;&gt;Ни для кого уже не секрет, что марихуана давно успешно используется в медицинских целях.&amp;nbsp;Растение издавна использовалось в лечебных целях. Первые упоминания о лечении и профилактике целого ряда болезней при помощи конопли содержатся еще в древнеиндийских и древнекитайских источниках.&amp;nbsp;&lt;/span&gt;&lt;/strong&gt;&lt;/span&gt;&lt;/span&gt;&lt;span style=&quot;color: rgb(0, 100, 0);&quot;&gt;&lt;span style=&quot;font-family:arial,helvetica,sans-serif;&quot;&gt;&lt;strong&gt;&lt;span style=&quot;font-size:16px;&quot;&gt;Применение марихуаны и ее производных (каннабиноидов) показало себя эффективным также при лечении эпилепсии, анорексии, бронхиальной астмы, мигрени, артрита, заболеваний позвоночника и опорно двигательного аппарата, лечении предменструального синдрома, артериальной гипертензии. При глаукоме марихуана снимает внутриглазное давление, приводит к замедлению или даже остановке прогрессирования заболевания. Некоторые исследования показывают, что марихуана может замедлить прогрессирование определенных видов&amp;nbsp;&lt;/span&gt;&lt;/strong&gt;&lt;/span&gt;&lt;/span&gt;&lt;span style=&quot;color: rgb(0, 100, 0);&quot;&gt;&lt;span style=&quot;font-family:arial,helvetica,sans-serif;&quot;&gt;&lt;strong&gt;&lt;span style=&quot;font-size:16px;&quot;&gt;рака.&amp;nbsp;&lt;/span&gt;&lt;/strong&gt;&lt;/span&gt;&lt;/span&gt;&lt;/p&gt;\r\n&lt;p&gt;\r\n	&lt;strong style=&quot;font-family: arial, helvetica, sans-serif; color: rgb(0, 100, 0);&quot;&gt;&lt;span style=&quot;font-size:16px;&quot;&gt;В данном разделе будут представлены самые знаменитые медицинские сорта конопли.&lt;/span&gt;&lt;/strong&gt;&lt;/p&gt;\r\n', meta_title = 'Медицинские сорта', meta_description = 'Медицинские сорта', meta_keyword = '' in C:\xampp\htdocs\host.em\system\library\db\mysqli.php on line 41
2015-08-30 12:25:04 - PHP Notice:  Undefined variable: result in C:\xampp\htdocs\host.em\catalog\controller\product\product.php on line 299
2015-08-30 12:46:33 - PHP Notice:  Error: Unknown column 'meta_title' in 'field list'<br />Error No: 1054<br />INSERT INTO oc_product_description SET product_id = '323', language_id = '1', name = 'sdf', description = '&lt;p&gt;&lt;br&gt;&lt;/p&gt;', tag = '', meta_title = 'sdf', meta_description = '', meta_keyword = '' in C:\xampp\htdocs\host.em\system\library\db\mysqli.php on line 41
2015-08-30 12:46:34 - PHP Notice:  Error: Unknown column 'meta_title' in 'field list'<br />Error No: 1054<br />INSERT INTO oc_product_description SET product_id = '323', language_id = '2', name = 'Auto Anubis Feminised', description = '&lt;p&gt;\r\n	Этот сорт является гибридом сортов Wembley, Chronic и Ruderalis.&amp;nbsp;&lt;/p&gt;\r\n&lt;p&gt;\r\n	Период цветения 65 дней с производительностью 550 гр на квадратний метр.&lt;/p&gt;\r\n&lt;p&gt;\r\n	Auto Anibus подходит для все видов технологий выращивания.&lt;/p&gt;\r\n&lt;p&gt;\r\n	Растение имеет очень огромные шишки.&lt;/p&gt;\r\n', tag = '', meta_title = 'Auto Anubis Feminised', meta_description = 'Купить семена конопли Auto Anibus Feminised', meta_keyword = '' in C:\xampp\htdocs\host.em\system\library\db\mysqli.php on line 41
2015-08-30 12:47:28 - PHP Notice:  Error: Unknown column 'meta_title' in 'field list'<br />Error No: 1054<br />INSERT INTO oc_product_description SET product_id = '323', language_id = '1', name = 'Auto Anubis Feminised', description = '&lt;p&gt;Auto Anubis Feminised&lt;br&gt;&lt;/p&gt;', tag = '', meta_title = 'Auto Anubis Feminised', meta_description = '', meta_keyword = '' in C:\xampp\htdocs\host.em\system\library\db\mysqli.php on line 41
2015-08-30 12:47:28 - PHP Notice:  Error: Unknown column 'meta_title' in 'field list'<br />Error No: 1054<br />INSERT INTO oc_product_description SET product_id = '323', language_id = '2', name = 'Auto Anubis Feminised', description = '&lt;p&gt;Auto Anubis Feminised&lt;br&gt;&lt;/p&gt;', tag = '', meta_title = 'Auto Anubis Feminised', meta_description = '', meta_keyword = '' in C:\xampp\htdocs\host.em\system\library\db\mysqli.php on line 41
2015-08-30 12:48:42 - PHP Notice:  Error: Unknown column 'meta_title' in 'field list'<br />Error No: 1054<br />INSERT INTO oc_product_description SET product_id = '1133', language_id = '1', name = '1024 Feminised', description = '&lt;p&gt;1024 Feminised&lt;br&gt;&lt;/p&gt;', tag = '', meta_title = '1024 Feminised', meta_description = '', meta_keyword = '' in C:\xampp\htdocs\host.em\system\library\db\mysqli.php on line 41
2015-08-30 12:48:42 - PHP Notice:  Error: Unknown column 'meta_title' in 'field list'<br />Error No: 1054<br />INSERT INTO oc_product_description SET product_id = '1133', language_id = '2', name = '1024 Feminised', description = '&lt;div&gt;\r\n	&lt;span style=&quot;color:#008000;&quot;&gt;&lt;strong&gt;Мы вправе гордится этим сортом.&lt;/strong&gt;&lt;/span&gt;&lt;/div&gt;\r\n&lt;div&gt;\r\n	&lt;span style=&quot;color:#008000;&quot;&gt;&lt;strong&gt;1024 сочетает в себе все – вкус, продуктивность, аромат.&lt;/strong&gt;&lt;/span&gt;&lt;/div&gt;\r\n&lt;div&gt;\r\n	&lt;span style=&quot;color:#008000;&quot;&gt;&lt;strong&gt;Это идеальное растение.&lt;/strong&gt;&lt;/span&gt;&lt;/div&gt;\r\n&lt;div&gt;\r\n	&lt;span style=&quot;color:#008000;&quot;&gt;&lt;strong&gt;Прекрасно подходит для всех систем производства – органика, кокос, гидропоника…&lt;/strong&gt;&lt;/span&gt;&lt;/div&gt;\r\n&lt;div&gt;\r\n	&lt;span style=&quot;color:#008000;&quot;&gt;&lt;strong&gt;При оптимальных условиях ТГК может быть более 23%.&lt;/strong&gt;&lt;/span&gt;&lt;/div&gt;\r\n&lt;div&gt;\r\n	&lt;span style=&quot;color:#008000;&quot;&gt;&lt;strong&gt;Вкус не поддается определению, он сочетает все себе различные ароматы – сладкие, пряные, фруктовые.&lt;/strong&gt;&lt;/span&gt;&lt;/div&gt;\r\n&lt;div&gt;\r\n	&lt;span style=&quot;color:#008000;&quot;&gt;&lt;strong&gt;Все только и говорят об этом растении!&lt;/strong&gt;&lt;/span&gt;&lt;/div&gt;\r\n', tag = '', meta_title = '1024 Feminised', meta_description = '', meta_keyword = '' in C:\xampp\htdocs\host.em\system\library\db\mysqli.php on line 41
2015-08-30 12:57:15 - PHP Notice:  Error: Unknown column 'meta_title' in 'field list'<br />Error No: 1054<br />INSERT INTO oc_product_description SET product_id = '1135', language_id = '1', name = 'sdfsdfdfsds', description = '&lt;p&gt;&lt;br&gt;&lt;/p&gt;', tag = '', meta_title = 'sdfsdfsdsdsd', meta_description = '', meta_keyword = '' in C:\xampp\htdocs\host.em\system\library\db\mysqli.php on line 41
2015-08-30 12:57:15 - PHP Notice:  Error: Unknown column 'meta_title' in 'field list'<br />Error No: 1054<br />INSERT INTO oc_product_description SET product_id = '1135', language_id = '2', name = '2046', description = '&lt;div&gt;\r\n	&lt;span style=&quot;color:#008000;&quot;&gt;&lt;strong&gt;Сорт вобрал в себя невероятную психоделическую мощь и уникальный аромат Haze.&lt;/strong&gt;&lt;/span&gt;&lt;/div&gt;\r\n&lt;div&gt;\r\n	&lt;span style=&quot;color:#008000;&quot;&gt;&lt;strong&gt;Этот гибрид создан из наших самых сильных сортов.&lt;/strong&gt;&lt;/span&gt;&lt;/div&gt;\r\n&lt;div&gt;\r\n	&lt;span style=&quot;color:#008000;&quot;&gt;&lt;strong&gt;Для созревания этим дамам требуется около 120 дней, запаситесь терпением – но награда того стоит!&lt;/strong&gt;&lt;/span&gt;&lt;/div&gt;\r\n&lt;div&gt;\r\n	&lt;span style=&quot;color:#008000;&quot;&gt;&lt;strong&gt;Растения этого сорта довольно трудны в производстве и не подходят новичкам, требуют SCROG или другой технологии, необходимой для подвязки быстро растущих верхушек.&lt;/strong&gt;&lt;/span&gt;&lt;/div&gt;\r\n&lt;div&gt;\r\n	&lt;span style=&quot;color:#008000;&quot;&gt;&lt;strong&gt;Наслаждение от цветов, произведенных в оптимальных условиях, станет самым большим удовольствием любого садовода.&lt;/strong&gt;&lt;/span&gt;&lt;/div&gt;\r\n&lt;div&gt;\r\n	&lt;span style=&quot;color:#008000;&quot;&gt;&lt;strong&gt;Реальный прилив энергии действительно мощен, а интенсивный вкус Haze– лучший подарок для нёба.&lt;/strong&gt;&lt;/span&gt;&lt;/div&gt;\r\n&lt;div&gt;\r\n	&lt;span style=&quot;color:#008000;&quot;&gt;&lt;strong&gt;Наслаждайтесь 2046!&lt;/strong&gt;&lt;/span&gt;&lt;/div&gt;\r\n', tag = '', meta_title = 'sdfdfsd', meta_description = '', meta_keyword = '' in C:\xampp\htdocs\host.em\system\library\db\mysqli.php on line 41
2015-08-30 13:06:39 - PHP Notice:  Error: Unknown column 'meta_title' in 'field list'<br />Error No: 1054<br />INSERT INTO oc_product_description
			SET product_id = '430',
			language_id = '1',
			name = '2046 Feminised',
			description = '&lt;p&gt;&lt;br&gt;&lt;/p&gt;',
			tag = '',
			meta_title = '2046 Feminised',
			 meta_description = '',
			 meta_keyword = '' in C:\xampp\htdocs\host.em\system\library\db\mysqli.php on line 41
2015-08-30 14:55:55 - PHP Notice:  Error: Unknown column 'meta_title' in 'field list'<br />Error No: 1054<br />INSERT INTO oc_category_description SET category_id = '67', language_id = '1', name = 'последние победители', description = '&lt;p&gt;&lt;br&gt;&lt;/p&gt;', meta_title = 'последние победители', meta_description = '', meta_keyword = '' in C:\xampp\htdocs\host.em\system\library\db\mysqli.php on line 41
2015-08-30 14:55:55 - PHP Notice:  Error: Unknown column 'meta_title' in 'field list'<br />Error No: 1054<br />INSERT INTO oc_category_description SET category_id = '67', language_id = '2', name = 'последние победители', description = '&lt;p&gt;&lt;br&gt;&lt;/p&gt;', meta_title = 'последние победители', meta_description = '', meta_keyword = '' in C:\xampp\htdocs\host.em\system\library\db\mysqli.php on line 41
2015-08-30 14:58:10 - PHP Notice:  Error: Unknown column 'meta_title' in 'field list'<br />Error No: 1054<br />INSERT INTO oc_category_description SET category_id = '68', language_id = '1', name = 'dfgfgfg', description = '&lt;p&gt;&lt;br&gt;&lt;/p&gt;', meta_title = 'dfgfgfg', meta_description = 'dfgfgfg', meta_keyword = '' in C:\xampp\htdocs\host.em\system\library\db\mysqli.php on line 41
2015-08-30 14:58:10 - PHP Notice:  Error: Unknown column 'meta_title' in 'field list'<br />Error No: 1054<br />INSERT INTO oc_category_description SET category_id = '68', language_id = '2', name = 'dfgfgfg', description = '&lt;p&gt;&lt;br&gt;&lt;/p&gt;', meta_title = 'dfgfgfg', meta_description = '', meta_keyword = '' in C:\xampp\htdocs\host.em\system\library\db\mysqli.php on line 41
2015-08-30 14:58:16 - PHP Notice:  Undefined index: name in C:\xampp\htdocs\host.em\catalog\controller\module\category_product_slider.php on line 69
2015-08-30 15:11:33 - PHP Notice:  Error: Unknown column 'meta_title' in 'field list'<br />Error No: 1054<br />INSERT INTO oc_category_description SET category_id = '63', language_id = '1', name = 'Победители кубков', description = '&lt;p&gt;&lt;br&gt;&lt;/p&gt;', meta_title = 'Победители кубков', meta_description = '', meta_keyword = '' in C:\xampp\htdocs\host.em\system\library\db\mysqli.php on line 41
2015-08-30 15:11:33 - PHP Notice:  Error: Unknown column 'meta_title' in 'field list'<br />Error No: 1054<br />INSERT INTO oc_category_description SET category_id = '63', language_id = '2', name = 'Победители кубков', description = '&lt;div&gt;\r\n	&lt;span style=&quot;color:#006400;&quot;&gt;&lt;span style=&quot;font-size:14px;&quot;&gt;&lt;strong&gt;В мире проходит все больше фестивалей и выставок посвященных каннабису. По своим масштабам эти мероприятия просто поражают. Ведущие мировые производители привозят свои инновации,огромное количество туристов съезжается на фестивали для того чтобы принять непосредственное участие в них. Самым популярным и громким событием в индустрии каннабиса, является Cannabis Cup.&lt;/strong&gt;&lt;/span&gt;&lt;/span&gt;&lt;/div&gt;\r\n&lt;div&gt;\r\n	&lt;span style=&quot;color:#006400;&quot;&gt;&lt;span style=&quot;font-size:14px;&quot;&gt;&lt;strong&gt;Главное, чем принципиально отличается Кубок от других конопляных фестивалей - это открытостью. Площадкой для его проведения становится не какой-то павильон, стадион или площадь - на время фестиваля в нём принимает участие весь город. Судьи ездят на автобусе по всему городу, посещая кофешопы-участники, где дегустируют особые, конкурсные сорта: лучшую траву, какая только есть на данный момент в мире. Ежегодно команда жюри выбирает компанию, которая создала наилучший сорт. Именно такие сорта представлены в данном разделе&lt;/strong&gt;&lt;/span&gt;&lt;/span&gt;&lt;/div&gt;\r\n', meta_title = 'Победители кубков', meta_description = 'Победители кубков', meta_keyword = '' in C:\xampp\htdocs\host.em\system\library\db\mysqli.php on line 41
2015-08-30 15:12:45 - PHP Notice:  Error: Unknown column 'meta_title' in 'field list'<br />Error No: 1054<br />INSERT INTO oc_category_description SET category_id = '65', language_id = '1', name = 'Семена поштучно', description = '&lt;p&gt;&lt;br&gt;&lt;/p&gt;', meta_title = 'Семена поштучно', meta_description = '', meta_keyword = '' in C:\xampp\htdocs\host.em\system\library\db\mysqli.php on line 41
2015-08-30 15:12:45 - PHP Notice:  Error: Unknown column 'meta_title' in 'field list'<br />Error No: 1054<br />INSERT INTO oc_category_description SET category_id = '65', language_id = '2', name = 'Семена поштучно', description = '&lt;div&gt;\r\n	&lt;span style=&quot;color:#006400;&quot;&gt;&lt;span style=&quot;font-size:14px;&quot;&gt;&lt;strong&gt;По многочисленным просьбам наших покупателей, представляем Вам новый раздел нашего магазина &quot;Семена поштучно&quot;! &lt;/strong&gt;&lt;/span&gt;&lt;/span&gt;&lt;/div&gt;\r\n&lt;div&gt;\r\n	&lt;span style=&quot;color:#006400;&quot;&gt;&lt;span style=&quot;font-size:14px;&quot;&gt;&lt;strong&gt;Нередки случаи, когда человек не хочет переплачивать за красивую упаковку, либо же просто выбор пал на несколько сортов сразу, а возможности приобрести каждый сорт в пачке нет. Теперь Вы можете купить семена конопли поштучно!&lt;/strong&gt;&lt;/span&gt;&lt;/span&gt;&lt;/div&gt;\r\n&lt;div&gt;\r\n	&lt;span style=&quot;color:#006400;&quot;&gt;&lt;span style=&quot;font-size:14px;&quot;&gt;&lt;strong&gt;В данном разделе Вашему вниманию предлагается широкий ассортимент семян производства &quot;Pyramid Seeds&quot;(Испания), &quot;Spanish Seeds&quot;(Испания) и др.&amp;nbsp;&lt;/strong&gt;&lt;/span&gt;&lt;/span&gt;&lt;/div&gt;\r\n&lt;div&gt;\r\n	&lt;span style=&quot;color:#006400;&quot;&gt;&lt;span style=&quot;font-size:14px;&quot;&gt;&lt;strong&gt;Все семена представленные ниже являются 100% феминизироваными, и абсолютно НИЧЕМ (кроме цены) НЕ ОТЛИЧАЮТСЯ от семян продаваемых в пачках!!!&lt;/strong&gt;&lt;/span&gt;&lt;/span&gt;&lt;/div&gt;\r\n&lt;div&gt;\r\n	&lt;span style=&quot;color:#006400;&quot;&gt;&lt;span style=&quot;font-size:14px;&quot;&gt;&lt;strong&gt;Приобретая у нас семена поштучно, Вы можете быть абсолютно уверены в их качестве!&lt;/strong&gt;&lt;/span&gt;&lt;/span&gt;&lt;/div&gt;\r\n', meta_title = 'Семена поштучно', meta_description = 'Поштучные семена', meta_keyword = '' in C:\xampp\htdocs\host.em\system\library\db\mysqli.php on line 41
2015-08-30 15:12:48 - PHP Notice:  Undefined index: name in C:\xampp\htdocs\host.em\catalog\controller\module\category_product_slider.php on line 69
2015-08-30 15:13:00 - PHP Notice:  Undefined index: name in C:\xampp\htdocs\host.em\catalog\controller\module\category_product_slider.php on line 69
2015-08-30 15:13:49 - PHP Notice:  Undefined index: name in C:\xampp\htdocs\host.em\catalog\controller\module\category_product_slider.php on line 69
2015-08-30 15:14:40 - PHP Notice:  Undefined variable: category_name in C:\xampp\htdocs\host.em\catalog\view\theme\micra\template\module\category_product_slider.tpl on line 7
2015-08-30 15:14:52 - PHP Notice:  Undefined variable: category_name in C:\xampp\htdocs\host.em\catalog\view\theme\micra\template\module\category_product_slider.tpl on line 7
2015-08-30 15:15:36 - PHP Notice:  Undefined variable: category_name in C:\xampp\htdocs\host.em\catalog\view\theme\micra\template\module\category_product_slider.tpl on line 7
2015-08-30 15:15:57 - PHP Notice:  Undefined variable: category_name in C:\xampp\htdocs\host.em\catalog\view\theme\micra\template\module\category_product_slider.tpl on line 7
2015-08-30 15:16:54 - PHP Notice:  Undefined variable: category_name in C:\xampp\htdocs\host.em\catalog\view\theme\micra\template\module\category_product_slider.tpl on line 7
2015-08-30 15:17:40 - PHP Notice:  Undefined variable: category_name in C:\xampp\htdocs\host.em\catalog\view\theme\micra\template\module\category_product_slider.tpl on line 7
2015-08-30 15:17:40 - PHP Notice:  Undefined index: top in C:\xampp\htdocs\host.em\catalog\controller\common\header.php on line 96
2015-08-30 15:17:51 - PHP Notice:  Undefined variable: category_name in C:\xampp\htdocs\host.em\catalog\view\theme\micra\template\module\category_product_slider.tpl on line 7
2015-08-30 15:19:33 - PHP Notice:  Error: Unknown column 'meta_title' in 'field list'<br />Error No: 1054<br />INSERT INTO oc_category_description SET category_id = '60', language_id = '1', name = 'Феминизированные', description = '&lt;p&gt;&lt;br&gt;&lt;/p&gt;', meta_title = 'Феминизированные', meta_description = '', meta_keyword = '' in C:\xampp\htdocs\host.em\system\library\db\mysqli.php on line 41
2015-08-30 15:19:33 - PHP Notice:  Error: Unknown column 'meta_title' in 'field list'<br />Error No: 1054<br />INSERT INTO oc_category_description SET category_id = '60', language_id = '2', name = 'Феминизированные', description = '&lt;p&gt;\r\n	&lt;span style=&quot;color:#006400;&quot;&gt;&lt;span style=&quot;font-size:14px;&quot;&gt;&lt;strong&gt;&lt;span style=&quot;font-family: Verdana, Verdana, Helvetica, sans-serif;&quot;&gt;Феминизированные семена каннабиса генетически модифицированы для получения только женских растений. Как правило, из семени каннабиса вырастает мужское или женское растение, так как весь этот процес определяется X- и Y-хромосомами. Растение с двумя X-хромосомами будет женским на 99.99%, в то время как растение с X- и Y-хромосомами почти всегда будет мужским.&lt;/span&gt;&lt;br style=&quot;color: rgb(0, 0, 2); font-family: Verdana, Verdana, Helvetica, sans-serif;&quot;&gt;\r\n	&lt;span style=&quot;font-family: Verdana, Verdana, Helvetica, sans-serif;&quot;&gt;Специально отобранные женские растения производят мужские цветки, благодаря обработке гиббереллиновой кислотой, которая превращает женские растения в гермафродиты. Растение опыленное такими &quot;гермафродитами&quot; &amp;nbsp;позволяет получать семена только с женскими хромосомами.&lt;/span&gt;&lt;/strong&gt;&lt;/span&gt;&lt;/span&gt;&lt;/p&gt;\r\n', meta_title = 'Феминизированные', meta_description = 'Феминизированные семена конопли', meta_keyword = '' in C:\xampp\htdocs\host.em\system\library\db\mysqli.php on line 41
2015-08-30 15:22:05 - PHP Notice:  Error: You have an error in your SQL syntax; check the manual that corresponds to your MySQL server version for the right syntax to use near 'column = '1',
		sort_order = '1',
		status = '1',
		date_modified = NOW(), date_' at line 4<br />Error No: 1064<br />INSERT INTO oc_category
		SET parent_id = '0',
		top = '1',
		column = '1',
		sort_order = '1',
		status = '1',
		date_modified = NOW(), date_added = NOW() in C:\xampp\htdocs\host.em\system\library\db\mysqli.php on line 41
2015-08-30 15:23:51 - PHP Notice:  Undefined variable: category_name in C:\xampp\htdocs\host.em\catalog\view\theme\micra\template\module\category_product_slider.tpl on line 7
2015-08-30 22:09:43 - PHP Notice:  Undefined variable: category_name in C:\xampp\htdocs\host.em\catalog\view\theme\micra\template\module\category_product_slider.tpl on line 7
2015-08-30 22:09:44 - PHP Notice:  Undefined variable: category_name in C:\xampp\htdocs\host.em\catalog\view\theme\micra\template\module\category_product_slider.tpl on line 7
2015-08-30 22:18:41 - PHP Notice:  Undefined variable: category_name in C:\xampp\htdocs\host.em\catalog\view\theme\micra\template\module\category_product_slider.tpl on line 7
2015-08-30 22:22:05 - PHP Notice:  Undefined index: meta_title in C:\xampp\htdocs\host.em\catalog\controller\product\category.php on line 93
